2025-06-26 20:59:12,183 - INFO - –ó–∞–ø—É—Å–∫ –ø—Ä–∏–ª–æ–∂–µ–Ω–∏—è –º–æ–Ω–∏—Ç–æ—Ä–∏–Ω–≥–∞
2025-06-26 20:59:14,233 - INFO - [31m[1mWARNING: This is a development server. Do not use it in a production deployment. Use a production WSGI server instead.[0m
 * Running on http://127.0.0.1:5000
2025-06-26 20:59:14,233 - INFO - [33mPress CTRL+C to quit[0m
2025-06-26 21:34:30,684 - INFO - –ó–∞–ø—É—Å–∫ –ø—Ä–æ–¥–≤–∏–Ω—É—Ç–æ–π —Å–∏—Å—Ç–µ–º—ã –º–æ–Ω–∏—Ç–æ—Ä–∏–Ω–≥–∞
2025-06-26 21:34:30,698 - INFO - [31m[1mWARNING: This is a development server. Do not use it in a production deployment. Use a production WSGI server instead.[0m
 * Running on http://127.0.0.1:5000
2025-06-26 21:34:30,699 - INFO - [33mPress CTRL+C to quit[0m
2025-06-26 21:34:30,701 - INFO -  * Restarting with stat
2025-06-26 21:34:32,567 - INFO - –ó–∞–ø—É—Å–∫ –ø—Ä–æ–¥–≤–∏–Ω—É—Ç–æ–π —Å–∏—Å—Ç–µ–º—ã –º–æ–Ω–∏—Ç–æ—Ä–∏–Ω–≥–∞
2025-06-26 21:34:32,574 - WARNING -  * Debugger is active!
2025-06-26 21:34:32,578 - INFO -  * Debugger PIN: 462-603-061
2025-06-26 21:34:45,533 - INFO - 127.0.0.1 - - [26/Jun/2025 21:34:45] "GET /system HTTP/1.1" 200 -
2025-06-26 21:35:17,999 - INFO - 127.0.0.1 - - [26/Jun/2025 21:35:17] "GET /system HTTP/1.1" 200 -
2025-06-26 21:35:42,056 - INFO -  * Detected change in '/home/r00t4x/–†–∞–±–æ—á–∏–π —Å—Ç–æ–ª/—Å–∫—Ä–∏–ø—Ç—ã/monitoring/cleanup_project.py', reloading
2025-06-26 21:35:42,177 - INFO -  * Restarting with stat
2025-06-26 21:35:43,774 - INFO - –ó–∞–ø—É—Å–∫ –ø—Ä–æ–¥–≤–∏–Ω—É—Ç–æ–π —Å–∏—Å—Ç–µ–º—ã –º–æ–Ω–∏—Ç–æ—Ä–∏–Ω–≥–∞
2025-06-26 21:35:43,779 - WARNING -  * Debugger is active!
2025-06-26 21:35:43,784 - INFO -  * Debugger PIN: 462-603-061
2025-06-26 21:38:14,680 - INFO - –ó–∞–ø—É—Å–∫ –ø—Ä–æ–¥–≤–∏–Ω—É—Ç–æ–π —Å–∏—Å—Ç–µ–º—ã –º–æ–Ω–∏—Ç–æ—Ä–∏–Ω–≥–∞
2025-06-26 21:38:14,706 - INFO - [31m[1mWARNING: This is a development server. Do not use it in a production deployment. Use a production WSGI server instead.[0m
 * Running on http://127.0.0.1:5000
2025-06-26 21:38:14,706 - INFO - [33mPress CTRL+C to quit[0m
2025-06-26 21:38:14,707 - INFO -  * Restarting with stat
2025-06-26 21:38:14,997 - INFO - –ó–∞–ø—É—Å–∫ –ø—Ä–æ–¥–≤–∏–Ω—É—Ç–æ–π —Å–∏—Å—Ç–µ–º—ã –º–æ–Ω–∏—Ç–æ—Ä–∏–Ω–≥–∞
2025-06-26 21:38:15,018 - WARNING -  * Debugger is active!
2025-06-26 21:38:15,021 - INFO -  * Debugger PIN: 653-258-192
2025-06-26 21:38:19,038 - INFO - 127.0.0.1 - - [26/Jun/2025 21:38:19] "[33mGET /admin/ HTTP/1.1[0m" 404 -
2025-06-26 21:38:59,882 - INFO -  * Detected change in '/home/r00t4x/–†–∞–±–æ—á–∏–π —Å—Ç–æ–ª/—Å–∫—Ä–∏–ø—Ç—ã/monitoring/simple_app.py', reloading
2025-06-26 21:39:00,011 - INFO -  * Restarting with stat
2025-06-26 21:39:00,446 - INFO - –ó–∞–ø—É—Å–∫ –ø—Ä–æ–¥–≤–∏–Ω—É—Ç–æ–π —Å–∏—Å—Ç–µ–º—ã –º–æ–Ω–∏—Ç–æ—Ä–∏–Ω–≥–∞
2025-06-26 21:39:00,473 - WARNING -  * Debugger is active!
2025-06-26 21:39:00,478 - INFO -  * Debugger PIN: 653-258-192
2025-06-26 21:46:21,403 - INFO -  * Detected change in '/home/r00t4x/–†–∞–±–æ—á–∏–π —Å—Ç–æ–ª/—Å–∫—Ä–∏–ø—Ç—ã/monitoring/simple_app.py', reloading
2025-06-26 21:46:21,562 - INFO -  * Restarting with stat
2025-06-26 21:46:22,119 - INFO - –ó–∞–ø—É—Å–∫ –ø—Ä–æ–¥–≤–∏–Ω—É—Ç–æ–π —Å–∏—Å—Ç–µ–º—ã –º–æ–Ω–∏—Ç–æ—Ä–∏–Ω–≥–∞
2025-06-26 21:46:22,141 - WARNING -  * Debugger is active!
2025-06-26 21:46:22,144 - INFO -  * Debugger PIN: 653-258-192
2025-06-26 21:46:24,541 - INFO - 127.0.0.1 - - [26/Jun/2025 21:46:24] "[33mGET /admin/ HTTP/1.1[0m" 404 -
2025-06-26 21:46:28,090 - INFO - 127.0.0.1 - - [26/Jun/2025 21:46:28] "[33mGET /admin/ HTTP/1.1[0m" 404 -
2025-06-26 21:46:33,238 - INFO - 127.0.0.1 - - [26/Jun/2025 21:46:33] "GET / HTTP/1.1" 200 -
2025-06-26 21:46:35,789 - INFO - 127.0.0.1 - - [26/Jun/2025 21:46:35] "[33mGET /admin/ HTTP/1.1[0m" 404 -
2025-06-26 21:46:37,699 - INFO - 127.0.0.1 - - [26/Jun/2025 21:46:37] "GET /api/health HTTP/1.1" 200 -
2025-06-26 21:46:42,509 - INFO - 127.0.0.1 - - [26/Jun/2025 21:46:42] "GET /api/health HTTP/1.1" 200 -
2025-06-26 21:46:50,526 - INFO - 127.0.0.1 - - [26/Jun/2025 21:46:50] "GET /system HTTP/1.1" 200 -
2025-06-26 21:47:41,470 - INFO -  * Detected change in '/home/r00t4x/–†–∞–±–æ—á–∏–π —Å—Ç–æ–ª/—Å–∫—Ä–∏–ø—Ç—ã/monitoring/simple_app.py', reloading
2025-06-26 21:47:41,622 - INFO -  * Restarting with stat
2025-06-26 21:47:42,007 - INFO - –ó–∞–ø—É—Å–∫ –ø—Ä–æ–¥–≤–∏–Ω—É—Ç–æ–π —Å–∏—Å—Ç–µ–º—ã –º–æ–Ω–∏—Ç–æ—Ä–∏–Ω–≥–∞
2025-06-26 21:47:42,036 - WARNING -  * Debugger is active!
2025-06-26 21:47:42,040 - INFO -  * Debugger PIN: 653-258-192
2025-06-26 21:48:17,738 - INFO - 127.0.0.1 - - [26/Jun/2025 21:48:17] "[33mGET /admin/ HTTP/1.1[0m" 404 -
2025-06-26 21:48:18,378 - INFO - 127.0.0.1 - - [26/Jun/2025 21:48:18] "[33mGET /admin/ HTTP/1.1[0m" 404 -
2025-06-26 21:48:18,791 - INFO - 127.0.0.1 - - [26/Jun/2025 21:48:18] "[33mGET /admin/ HTTP/1.1[0m" 404 -
2025-06-26 21:48:19,089 - INFO - 127.0.0.1 - - [26/Jun/2025 21:48:19] "[33mGET /admin/ HTTP/1.1[0m" 404 -
2025-06-26 21:49:07,075 - INFO -  * Detected change in '/home/r00t4x/–†–∞–±–æ—á–∏–π —Å—Ç–æ–ª/—Å–∫—Ä–∏–ø—Ç—ã/monitoring/simple_app.py', reloading
2025-06-26 21:49:07,262 - INFO -  * Restarting with stat
2025-06-26 21:49:08,068 - INFO - –ó–∞–ø—É—Å–∫ –ø—Ä–æ–¥–≤–∏–Ω—É—Ç–æ–π —Å–∏—Å—Ç–µ–º—ã –º–æ–Ω–∏—Ç–æ—Ä–∏–Ω–≥–∞
2025-06-26 21:49:08,096 - WARNING -  * Debugger is active!
2025-06-26 21:49:08,101 - INFO -  * Debugger PIN: 653-258-192
2025-06-26 21:49:10,873 - INFO - 127.0.0.1 - - [26/Jun/2025 21:49:10] "[33mGET /admin/ HTTP/1.1[0m" 404 -
2025-06-26 21:49:11,728 - INFO - 127.0.0.1 - - [26/Jun/2025 21:49:11] "[33mGET /admin/ HTTP/1.1[0m" 404 -
2025-06-26 21:49:15,982 - INFO - 127.0.0.1 - - [26/Jun/2025 21:49:15] "GET / HTTP/1.1" 200 -
2025-06-26 21:50:16,614 - INFO - 127.0.0.1 - - [26/Jun/2025 21:50:16] "GET /servers HTTP/1.1" 200 -
2025-06-26 21:50:23,919 - INFO - 127.0.0.1 - - [26/Jun/2025 21:50:23] "GET /api/servers/update HTTP/1.1" 200 -
2025-06-26 21:50:38,315 - INFO - 127.0.0.1 - - [26/Jun/2025 21:50:38] "GET /system HTTP/1.1" 200 -
2025-06-26 21:50:48,581 - INFO - 127.0.0.1 - - [26/Jun/2025 21:50:48] "[33mGET /admin/ HTTP/1.1[0m" 404 -
2025-06-26 21:50:50,707 - INFO - 127.0.0.1 - - [26/Jun/2025 21:50:50] "GET /api/health HTTP/1.1" 200 -
2025-06-26 21:50:59,462 - INFO - –ó–∞–ø—É—Å–∫ –ø—Ä–æ–¥–≤–∏–Ω—É—Ç–æ–π —Å–∏—Å—Ç–µ–º—ã –º–æ–Ω–∏—Ç–æ—Ä–∏–Ω–≥–∞
2025-06-26 21:50:59,486 - INFO - [31m[1mWARNING: This is a development server. Do not use it in a production deployment. Use a production WSGI server instead.[0m
 * Running on http://127.0.0.1:5000
2025-06-26 21:50:59,486 - INFO - [33mPress CTRL+C to quit[0m
2025-06-26 21:50:59,487 - INFO -  * Restarting with stat
2025-06-26 21:50:59,746 - INFO - –ó–∞–ø—É—Å–∫ –ø—Ä–æ–¥–≤–∏–Ω—É—Ç–æ–π —Å–∏—Å—Ç–µ–º—ã –º–æ–Ω–∏—Ç–æ—Ä–∏–Ω–≥–∞
2025-06-26 21:50:59,765 - WARNING -  * Debugger is active!
2025-06-26 21:50:59,767 - INFO -  * Debugger PIN: 653-258-192
2025-06-26 21:51:03,389 - INFO - 127.0.0.1 - - [26/Jun/2025 21:51:03] "GET / HTTP/1.1" 200 -
2025-06-26 21:51:07,013 - INFO - 127.0.0.1 - - [26/Jun/2025 21:51:07] "[33mGET /admin/ HTTP/1.1[0m" 404 -
2025-06-26 21:51:15,156 - INFO - 127.0.0.1 - - [26/Jun/2025 21:51:15] "GET / HTTP/1.1" 200 -
2025-06-26 21:51:17,527 - INFO - 127.0.0.1 - - [26/Jun/2025 21:51:17] "GET /api/health HTTP/1.1" 200 -
2025-06-26 21:51:55,759 - INFO -  * Detected change in '/home/r00t4x/–†–∞–±–æ—á–∏–π —Å—Ç–æ–ª/—Å–∫—Ä–∏–ø—Ç—ã/monitoring/app.py', reloading
2025-06-26 21:51:55,866 - INFO -  * Restarting with stat
2025-06-26 21:51:56,312 - INFO - System monitor –∑–∞–≥—Ä—É–∂–µ–Ω —É—Å–ø–µ—à–Ω–æ
2025-06-26 21:51:56,352 - WARNING -  * Debugger is active!
2025-06-26 21:51:56,359 - INFO -  * Debugger PIN: 653-258-192
2025-06-26 21:51:57,396 - INFO -  * Detected change in '/home/r00t4x/–†–∞–±–æ—á–∏–π —Å—Ç–æ–ª/—Å–∫—Ä–∏–ø—Ç—ã/monitoring/simple_app.py', reloading
2025-06-26 21:51:57,511 - INFO -  * Restarting with stat
2025-06-26 21:51:58,015 - INFO - System monitor –∑–∞–≥—Ä—É–∂–µ–Ω —É—Å–ø–µ—à–Ω–æ
2025-06-26 21:51:58,069 - WARNING -  * Debugger is active!
2025-06-26 21:51:58,074 - INFO -  * Debugger PIN: 653-258-192
2025-06-26 21:52:25,425 - INFO -  * Detected change in '/home/r00t4x/–†–∞–±–æ—á–∏–π —Å—Ç–æ–ª/—Å–∫—Ä–∏–ø—Ç—ã/monitoring/system_monitor.py', reloading
2025-06-26 21:52:25,532 - INFO -  * Restarting with stat
2025-06-26 21:52:25,984 - WARNING - cpuinfo –Ω–µ–¥–æ—Å—Ç—É–ø–µ–Ω - –±—É–¥–µ—Ç –∏—Å–ø–æ–ª—å–∑–æ–≤–∞–Ω–∞ –±–∞–∑–æ–≤–∞—è –∏–Ω—Ñ–æ—Ä–º–∞—Ü–∏—è
2025-06-26 21:52:25,985 - INFO - System monitor –∑–∞–≥—Ä—É–∂–µ–Ω —É—Å–ø–µ—à–Ω–æ
2025-06-26 21:52:26,037 - WARNING -  * Debugger is active!
2025-06-26 21:52:26,043 - INFO -  * Debugger PIN: 653-258-192
2025-06-26 21:53:03,616 - INFO -  * Detected change in '/home/r00t4x/–†–∞–±–æ—á–∏–π —Å—Ç–æ–ª/—Å–∫—Ä–∏–ø—Ç—ã/monitoring/simple_app.py', reloading
2025-06-26 21:53:03,789 - INFO -  * Restarting with stat
2025-06-26 21:53:04,326 - WARNING - cpuinfo –Ω–µ–¥–æ—Å—Ç—É–ø–µ–Ω - –±—É–¥–µ—Ç –∏—Å–ø–æ–ª—å–∑–æ–≤–∞–Ω–∞ –±–∞–∑–æ–≤–∞—è –∏–Ω—Ñ–æ—Ä–º–∞—Ü–∏—è
2025-06-26 21:53:04,326 - INFO - System monitor –∑–∞–≥—Ä—É–∂–µ–Ω —É—Å–ø–µ—à–Ω–æ
2025-06-26 21:53:04,361 - WARNING -  * Debugger is active!
2025-06-26 21:53:04,364 - INFO -  * Debugger PIN: 653-258-192
2025-06-26 21:53:18,136 - ERROR - –û—à–∏–±–∫–∞ –ø–æ–ª—É—á–µ–Ω–∏—è –¥–∞–Ω–Ω—ã—Ö –ª–æ–∫–∞–ª—å–Ω–æ–π –º–∞—à–∏–Ω—ã: 'list' object has no attribute 'get'
2025-06-26 21:53:18,136 - INFO - –ü—Ä–∏–ª–æ–∂–µ–Ω–∏–µ –∏–Ω–∏—Ü–∏–∞–ª–∏–∑–∏—Ä–æ–≤–∞–Ω–æ
2025-06-26 21:53:19,143 - ERROR - –û—à–∏–±–∫–∞ –ø–æ–ª—É—á–µ–Ω–∏—è –¥–∞–Ω–Ω—ã—Ö –ª–æ–∫–∞–ª—å–Ω–æ–π –º–∞—à–∏–Ω—ã: 'list' object has no attribute 'get'
2025-06-26 21:53:19,160 - INFO - 127.0.0.1 - - [26/Jun/2025 21:53:19] "GET / HTTP/1.1" 200 -
2025-06-26 21:53:24,044 - INFO - 127.0.0.1 - - [26/Jun/2025 21:53:24] "[33mGET /admin/ HTTP/1.1[0m" 404 -
2025-06-26 21:53:27,021 - ERROR - –û—à–∏–±–∫–∞ –ø–æ–ª—É—á–µ–Ω–∏—è –¥–∞–Ω–Ω—ã—Ö –ª–æ–∫–∞–ª—å–Ω–æ–π –º–∞—à–∏–Ω—ã: 'list' object has no attribute 'get'
2025-06-26 21:53:27,022 - INFO - 127.0.0.1 - - [26/Jun/2025 21:53:27] "GET / HTTP/1.1" 200 -
2025-06-26 21:53:29,630 - ERROR - –û—à–∏–±–∫–∞ –ø–æ–ª—É—á–µ–Ω–∏—è —Å–∏—Å—Ç–µ–º–Ω—ã—Ö –º–µ—Ç—Ä–∏–∫: 'dict object' has no attribute 'swap_total'
2025-06-26 21:53:29,635 - INFO - 127.0.0.1 - - [26/Jun/2025 21:53:29] "GET /system HTTP/1.1" 200 -
2025-06-26 21:54:10,248 - WARNING - cpuinfo –Ω–µ–¥–æ—Å—Ç—É–ø–µ–Ω - –±—É–¥–µ—Ç –∏—Å–ø–æ–ª—å–∑–æ–≤–∞–Ω–∞ –±–∞–∑–æ–≤–∞—è –∏–Ω—Ñ–æ—Ä–º–∞—Ü–∏—è
2025-06-26 21:54:10,248 - INFO - System monitor –∑–∞–≥—Ä—É–∂–µ–Ω —É—Å–ø–µ—à–Ω–æ
2025-06-26 21:54:10,258 - INFO - –ó–∞–ø—É—Å–∫ —Å–∏—Å—Ç–µ–º—ã –º–æ–Ω–∏—Ç–æ—Ä–∏–Ω–≥–∞
2025-06-26 21:54:10,269 - INFO - [31m[1mWARNING: This is a development server. Do not use it in a production deployment. Use a production WSGI server instead.[0m
 * Running on http://127.0.0.1:5000
2025-06-26 21:54:10,269 - INFO - [33mPress CTRL+C to quit[0m
2025-06-26 21:54:18,808 - ERROR - –û—à–∏–±–∫–∞ –ø–æ–ª—É—á–µ–Ω–∏—è –¥–∞–Ω–Ω—ã—Ö –ª–æ–∫–∞–ª—å–Ω–æ–π –º–∞—à–∏–Ω—ã: 'list' object has no attribute 'get'
2025-06-26 21:54:18,808 - INFO - –ü—Ä–∏–ª–æ–∂–µ–Ω–∏–µ –∏–Ω–∏—Ü–∏–∞–ª–∏–∑–∏—Ä–æ–≤–∞–Ω–æ
2025-06-26 21:54:19,969 - ERROR - –û—à–∏–±–∫–∞ –ø–æ–ª—É—á–µ–Ω–∏—è —Å–∏—Å—Ç–µ–º–Ω—ã—Ö –º–µ—Ç—Ä–∏–∫: 'dict object' has no attribute 'swap_total'
2025-06-26 21:54:19,978 - INFO - 127.0.0.1 - - [26/Jun/2025 21:54:19] "GET /system HTTP/1.1" 200 -
2025-06-26 21:54:22,692 - ERROR - –û—à–∏–±–∫–∞ –ø–æ–ª—É—á–µ–Ω–∏—è –¥–∞–Ω–Ω—ã—Ö –ª–æ–∫–∞–ª—å–Ω–æ–π –º–∞—à–∏–Ω—ã: 'list' object has no attribute 'get'
2025-06-26 21:54:22,699 - INFO - 127.0.0.1 - - [26/Jun/2025 21:54:22] "GET / HTTP/1.1" 200 -
2025-06-26 21:54:25,017 - INFO - 127.0.0.1 - - [26/Jun/2025 21:54:25] "[33mGET /admin/ HTTP/1.1[0m" 404 -
2025-06-26 21:54:27,306 - ERROR - –û—à–∏–±–∫–∞ –ø–æ–ª—É—á–µ–Ω–∏—è –¥–∞–Ω–Ω—ã—Ö –ª–æ–∫–∞–ª—å–Ω–æ–π –º–∞—à–∏–Ω—ã: 'list' object has no attribute 'get'
2025-06-26 21:54:27,308 - INFO - 127.0.0.1 - - [26/Jun/2025 21:54:27] "GET / HTTP/1.1" 200 -
2025-06-26 21:54:28,605 - INFO - 127.0.0.1 - - [26/Jun/2025 21:54:28] "GET /api/health HTTP/1.1" 200 -
2025-06-26 21:54:34,279 - ERROR - –û—à–∏–±–∫–∞ –ø–æ–ª—É—á–µ–Ω–∏—è —Å–∏—Å—Ç–µ–º–Ω—ã—Ö –º–µ—Ç—Ä–∏–∫: 'dict object' has no attribute 'swap_total'
2025-06-26 21:54:34,280 - INFO - 127.0.0.1 - - [26/Jun/2025 21:54:34] "GET /system HTTP/1.1" 200 -
2025-06-26 21:56:37,551 - WARNING - py-cpuinfo –Ω–µ–¥–æ—Å—Ç—É–ø–µ–Ω - –±—É–¥–µ—Ç –∏—Å–ø–æ–ª—å–∑–æ–≤–∞–Ω–∞ –±–∞–∑–æ–≤–∞—è –∏–Ω—Ñ–æ—Ä–º–∞—Ü–∏—è
2025-06-26 21:56:37,551 - INFO - System monitor –∑–∞–≥—Ä—É–∂–µ–Ω —É—Å–ø–µ—à–Ω–æ
2025-06-26 21:58:42,964 - WARNING - py-cpuinfo –Ω–µ–¥–æ—Å—Ç—É–ø–µ–Ω - –±—É–¥–µ—Ç –∏—Å–ø–æ–ª—å–∑–æ–≤–∞–Ω–∞ –±–∞–∑–æ–≤–∞—è –∏–Ω—Ñ–æ—Ä–º–∞—Ü–∏—è
2025-06-26 21:58:42,964 - INFO - System monitor –∑–∞–≥—Ä—É–∂–µ–Ω —É—Å–ø–µ—à–Ω–æ
2025-06-26 22:01:48,516 - INFO - System monitor –∑–∞–≥—Ä—É–∂–µ–Ω —É—Å–ø–µ—à–Ω–æ
2025-06-26 22:01:51,523 - INFO - –ó–∞–ø—É—Å–∫ —Å–∏—Å—Ç–µ–º—ã –º–æ–Ω–∏—Ç–æ—Ä–∏–Ω–≥–∞
2025-06-26 22:01:51,551 - INFO - [31m[1mWARNING: This is a development server. Do not use it in a production deployment. Use a production WSGI server instead.[0m
 * Running on http://127.0.0.1:5000
2025-06-26 22:01:51,552 - INFO - [33mPress CTRL+C to quit[0m
2025-06-26 22:03:30,744 - INFO - System monitor –∑–∞–≥—Ä—É–∂–µ–Ω —É—Å–ø–µ—à–Ω–æ
2025-06-26 22:03:30,754 - INFO - –ó–∞–ø—É—Å–∫ —Å–∏—Å—Ç–µ–º—ã –º–æ–Ω–∏—Ç–æ—Ä–∏–Ω–≥–∞
2025-06-26 22:03:30,757 - INFO - [31m[1mWARNING: This is a development server. Do not use it in a production deployment. Use a production WSGI server instead.[0m
 * Running on http://127.0.0.1:5000
2025-06-26 22:03:30,757 - INFO - [33mPress CTRL+C to quit[0m
2025-06-26 22:03:52,854 - ERROR - –û—à–∏–±–∫–∞ –ø–æ–ª—É—á–µ–Ω–∏—è –¥–∞–Ω–Ω—ã—Ö –ª–æ–∫–∞–ª—å–Ω–æ–π –º–∞—à–∏–Ω—ã: 'list' object has no attribute 'get'
2025-06-26 22:03:52,855 - INFO - –ü—Ä–∏–ª–æ–∂–µ–Ω–∏–µ –∏–Ω–∏—Ü–∏–∞–ª–∏–∑–∏—Ä–æ–≤–∞–Ω–æ
2025-06-26 22:03:55,430 - ERROR - –û—à–∏–±–∫–∞ –ø–æ–ª—É—á–µ–Ω–∏—è —Å–∏—Å—Ç–µ–º–Ω—ã—Ö –º–µ—Ç—Ä–∏–∫: Encountered unknown tag 'endif'.
2025-06-26 22:03:55,437 - INFO - 127.0.0.1 - - [26/Jun/2025 22:03:55] "GET /system HTTP/1.1" 200 -
2025-06-26 22:04:07,171 - ERROR - –û—à–∏–±–∫–∞ –ø–æ–ª—É—á–µ–Ω–∏—è –¥–∞–Ω–Ω—ã—Ö –ª–æ–∫–∞–ª—å–Ω–æ–π –º–∞—à–∏–Ω—ã: 'list' object has no attribute 'get'
2025-06-26 22:04:07,177 - INFO - 127.0.0.1 - - [26/Jun/2025 22:04:07] "GET / HTTP/1.1" 200 -
2025-06-26 22:04:18,525 - ERROR - –û—à–∏–±–∫–∞ –ø–æ–ª—É—á–µ–Ω–∏—è –¥–∞–Ω–Ω—ã—Ö –ª–æ–∫–∞–ª—å–Ω–æ–π –º–∞—à–∏–Ω—ã: 'list' object has no attribute 'get'
2025-06-26 22:04:18,552 - INFO - 127.0.0.1 - - [26/Jun/2025 22:04:18] "GET /servers HTTP/1.1" 200 -
2025-06-26 22:04:26,259 - ERROR - –û—à–∏–±–∫–∞ –ø–æ–ª—É—á–µ–Ω–∏—è –¥–∞–Ω–Ω—ã—Ö –ª–æ–∫–∞–ª—å–Ω–æ–π –º–∞—à–∏–Ω—ã: 'list' object has no attribute 'get'
2025-06-26 22:04:26,260 - INFO - 127.0.0.1 - - [26/Jun/2025 22:04:26] "GET /api/servers/update HTTP/1.1" 200 -
2025-06-26 22:04:51,261 - ERROR - –û—à–∏–±–∫–∞ –ø–æ–ª—É—á–µ–Ω–∏—è –¥–∞–Ω–Ω—ã—Ö –ª–æ–∫–∞–ª—å–Ω–æ–π –º–∞—à–∏–Ω—ã: 'list' object has no attribute 'get'
2025-06-26 22:04:51,262 - INFO - 127.0.0.1 - - [26/Jun/2025 22:04:51] "GET /api/servers/update HTTP/1.1" 200 -
2025-06-26 22:05:04,301 - ERROR - –û—à–∏–±–∫–∞ –ø–æ–ª—É—á–µ–Ω–∏—è —Å–∏—Å—Ç–µ–º–Ω—ã—Ö –º–µ—Ç—Ä–∏–∫: Encountered unknown tag 'endif'.
2025-06-26 22:05:04,303 - INFO - 127.0.0.1 - - [26/Jun/2025 22:05:04] "GET /system HTTP/1.1" 200 -
2025-06-26 22:09:56,771 - INFO - System monitor –∑–∞–≥—Ä—É–∂–µ–Ω —É—Å–ø–µ—à–Ω–æ
2025-06-26 22:09:56,783 - INFO - –ó–∞–ø—É—Å–∫ —Å–∏—Å—Ç–µ–º—ã –º–æ–Ω–∏—Ç–æ—Ä–∏–Ω–≥–∞
2025-06-26 22:10:03,535 - ERROR - –û—à–∏–±–∫–∞ –ø–æ–ª—É—á–µ–Ω–∏—è –¥–∞–Ω–Ω—ã—Ö –ª–æ–∫–∞–ª—å–Ω–æ–π –º–∞—à–∏–Ω—ã: 'list' object has no attribute 'get'
2025-06-26 22:10:03,536 - INFO - 127.0.0.1 - - [26/Jun/2025 22:10:03] "GET / HTTP/1.1" 200 -
2025-06-26 22:10:08,077 - ERROR - –û—à–∏–±–∫–∞ –ø–æ–ª—É—á–µ–Ω–∏—è —Å–∏—Å—Ç–µ–º–Ω—ã—Ö –º–µ—Ç—Ä–∏–∫: Encountered unknown tag 'endif'.
2025-06-26 22:10:08,078 - INFO - 127.0.0.1 - - [26/Jun/2025 22:10:08] "GET /system HTTP/1.1" 200 -
2025-06-26 22:10:15,366 - ERROR - –û—à–∏–±–∫–∞ –ø–æ–ª—É—á–µ–Ω–∏—è –¥–∞–Ω–Ω—ã—Ö –ª–æ–∫–∞–ª—å–Ω–æ–π –º–∞—à–∏–Ω—ã: 'list' object has no attribute 'get'
2025-06-26 22:10:15,366 - INFO - 127.0.0.1 - - [26/Jun/2025 22:10:15] "GET /servers HTTP/1.1" 200 -
2025-06-26 22:12:31,196 - INFO - System monitor –∑–∞–≥—Ä—É–∂–µ–Ω —É—Å–ø–µ—à–Ω–æ
2025-06-26 22:12:31,203 - INFO - –ó–∞–ø—É—Å–∫ —Å–∏—Å—Ç–µ–º—ã –º–æ–Ω–∏—Ç–æ—Ä–∏–Ω–≥–∞
2025-06-26 22:13:10,166 - INFO - System monitor –∑–∞–≥—Ä—É–∂–µ–Ω —É—Å–ø–µ—à–Ω–æ
2025-06-26 22:13:10,172 - INFO - –ó–∞–ø—É—Å–∫ —Å–∏—Å—Ç–µ–º—ã –º–æ–Ω–∏—Ç–æ—Ä–∏–Ω–≥–∞
2025-06-26 22:13:10,175 - INFO - [31m[1mWARNING: This is a development server. Do not use it in a production deployment. Use a production WSGI server instead.[0m
 * Running on http://127.0.0.1:5001
2025-06-26 22:13:10,176 - INFO - [33mPress CTRL+C to quit[0m
2025-06-26 22:13:16,539 - ERROR - –û—à–∏–±–∫–∞ –ø–æ–ª—É—á–µ–Ω–∏—è —Å–∏—Å—Ç–µ–º–Ω—ã—Ö –º–µ—Ç—Ä–∏–∫: Encountered unknown tag 'endif'.
2025-06-26 22:13:16,541 - INFO - 127.0.0.1 - - [26/Jun/2025 22:13:16] "GET /system HTTP/1.1" 200 -
2025-06-26 22:13:21,793 - ERROR - –û—à–∏–±–∫–∞ –ø–æ–ª—É—á–µ–Ω–∏—è –¥–∞–Ω–Ω—ã—Ö –ª–æ–∫–∞–ª—å–Ω–æ–π –º–∞—à–∏–Ω—ã: 'list' object has no attribute 'get'
2025-06-26 22:13:21,793 - INFO - –ü—Ä–∏–ª–æ–∂–µ–Ω–∏–µ –∏–Ω–∏—Ü–∏–∞–ª–∏–∑–∏—Ä–æ–≤–∞–Ω–æ
2025-06-26 22:13:24,058 - ERROR - –û—à–∏–±–∫–∞ –ø–æ–ª—É—á–µ–Ω–∏—è –¥–∞–Ω–Ω—ã—Ö –ª–æ–∫–∞–ª—å–Ω–æ–π –º–∞—à–∏–Ω—ã: 'list' object has no attribute 'get'
2025-06-26 22:13:24,071 - INFO - 127.0.0.1 - - [26/Jun/2025 22:13:24] "GET / HTTP/1.1" 200 -
2025-06-26 22:13:24,402 - INFO - 127.0.0.1 - - [26/Jun/2025 22:13:24] "[33mGET /favicon.ico HTTP/1.1[0m" 404 -
2025-06-26 22:13:30,894 - ERROR - –û—à–∏–±–∫–∞ –ø–æ–ª—É—á–µ–Ω–∏—è —Å–∏—Å—Ç–µ–º–Ω—ã—Ö –º–µ—Ç—Ä–∏–∫: Encountered unknown tag 'endif'.
2025-06-26 22:13:30,906 - INFO - 127.0.0.1 - - [26/Jun/2025 22:13:30] "GET /system HTTP/1.1" 200 -
2025-06-26 22:13:39,644 - ERROR - –û—à–∏–±–∫–∞ –ø–æ–ª—É—á–µ–Ω–∏—è –¥–∞–Ω–Ω—ã—Ö –ª–æ–∫–∞–ª—å–Ω–æ–π –º–∞—à–∏–Ω—ã: 'list' object has no attribute 'get'
2025-06-26 22:13:39,645 - INFO - 127.0.0.1 - - [26/Jun/2025 22:13:39] "GET / HTTP/1.1" 200 -
2025-06-26 22:13:41,320 - INFO - 127.0.0.1 - - [26/Jun/2025 22:13:41] "GET /api/health HTTP/1.1" 200 -
2025-06-26 22:13:43,043 - INFO - 127.0.0.1 - - [26/Jun/2025 22:13:43] "GET /admin HTTP/1.1" 200 -
2025-06-26 22:13:50,504 - INFO - Admin login: admin
2025-06-26 22:13:50,507 - INFO - 127.0.0.1 - - [26/Jun/2025 22:13:50] "[32mPOST /admin/login HTTP/1.1[0m" 302 -
2025-06-26 22:13:50,584 - INFO - 127.0.0.1 - - [26/Jun/2025 22:13:50] "GET /admin HTTP/1.1" 200 -
2025-06-26 22:14:01,124 - ERROR - –û—à–∏–±–∫–∞ –ø–æ–ª—É—á–µ–Ω–∏—è –¥–∞–Ω–Ω—ã—Ö –ª–æ–∫–∞–ª—å–Ω–æ–π –º–∞—à–∏–Ω—ã: 'list' object has no attribute 'get'
2025-06-26 22:14:01,126 - INFO - 127.0.0.1 - - [26/Jun/2025 22:14:01] "GET /api/servers/update HTTP/1.1" 200 -
2025-06-26 22:14:09,172 - ERROR - –û—à–∏–±–∫–∞ –ø–æ–ª—É—á–µ–Ω–∏—è —Å–∏—Å—Ç–µ–º–Ω—ã—Ö –º–µ—Ç—Ä–∏–∫: Encountered unknown tag 'endif'.
2025-06-26 22:14:09,173 - INFO - 127.0.0.1 - - [26/Jun/2025 22:14:09] "GET /system HTTP/1.1" 200 -
2025-06-26 22:14:13,538 - ERROR - –û—à–∏–±–∫–∞ –ø–æ–ª—É—á–µ–Ω–∏—è –¥–∞–Ω–Ω—ã—Ö –ª–æ–∫–∞–ª—å–Ω–æ–π –º–∞—à–∏–Ω—ã: 'list' object has no attribute 'get'
2025-06-26 22:14:13,564 - INFO - 127.0.0.1 - - [26/Jun/2025 22:14:13] "GET /servers HTTP/1.1" 200 -
2025-06-26 22:14:16,955 - INFO - 127.0.0.1 - - [26/Jun/2025 22:14:16] "GET /admin HTTP/1.1" 200 -
2025-06-26 22:14:51,360 - ERROR - –û—à–∏–±–∫–∞ –ø–æ–ª—É—á–µ–Ω–∏—è —Å–∏—Å—Ç–µ–º–Ω—ã—Ö –º–µ—Ç—Ä–∏–∫: Encountered unknown tag 'endif'.
2025-06-26 22:14:51,362 - INFO - 127.0.0.1 - - [26/Jun/2025 22:14:51] "GET /system HTTP/1.1" 200 -
2025-06-26 22:16:27,444 - INFO - System monitor –∑–∞–≥—Ä—É–∂–µ–Ω —É—Å–ø–µ—à–Ω–æ
2025-06-26 22:16:27,456 - INFO - –ó–∞–ø—É—Å–∫ —Å–∏—Å—Ç–µ–º—ã –º–æ–Ω–∏—Ç–æ—Ä–∏–Ω–≥–∞
2025-06-26 22:16:27,460 - INFO - [31m[1mWARNING: This is a development server. Do not use it in a production deployment. Use a production WSGI server instead.[0m
 * Running on http://127.0.0.1:5001
2025-06-26 22:16:27,460 - INFO - [33mPress CTRL+C to quit[0m
2025-06-26 22:16:33,267 - ERROR - –û—à–∏–±–∫–∞ –ø–æ–ª—É—á–µ–Ω–∏—è –¥–∞–Ω–Ω—ã—Ö –ª–æ–∫–∞–ª—å–Ω–æ–π –º–∞—à–∏–Ω—ã: 'list' object has no attribute 'get'
2025-06-26 22:16:33,267 - INFO - –ü—Ä–∏–ª–æ–∂–µ–Ω–∏–µ –∏–Ω–∏—Ü–∏–∞–ª–∏–∑–∏—Ä–æ–≤–∞–Ω–æ
2025-06-26 22:16:35,751 - ERROR - –û—à–∏–±–∫–∞ –ø–æ–ª—É—á–µ–Ω–∏—è —Å–∏—Å—Ç–µ–º–Ω—ã—Ö –º–µ—Ç—Ä–∏–∫: Encountered unknown tag 'endif'.
2025-06-26 22:16:35,756 - INFO - 127.0.0.1 - - [26/Jun/2025 22:16:35] "GET /system HTTP/1.1" 200 -
2025-06-26 22:19:30,866 - ERROR - –û—à–∏–±–∫–∞ –ø–æ–ª—É—á–µ–Ω–∏—è —Å–∏—Å—Ç–µ–º–Ω—ã—Ö –º–µ—Ç—Ä–∏–∫: Encountered unknown tag 'endif'.
2025-06-26 22:19:30,868 - INFO - 127.0.0.1 - - [26/Jun/2025 22:19:30] "GET /system HTTP/1.1" 200 -
2025-06-26 22:21:11,494 - INFO - System monitor –∑–∞–≥—Ä—É–∂–µ–Ω —É—Å–ø–µ—à–Ω–æ
2025-06-26 22:21:11,511 - INFO - –ó–∞–ø—É—Å–∫ —Å–∏—Å—Ç–µ–º—ã –º–æ–Ω–∏—Ç–æ—Ä–∏–Ω–≥–∞
2025-06-26 22:21:11,516 - INFO - [31m[1mWARNING: This is a development server. Do not use it in a production deployment. Use a production WSGI server instead.[0m
 * Running on http://127.0.0.1:5001
2025-06-26 22:21:11,516 - INFO - [33mPress CTRL+C to quit[0m
2025-06-26 22:21:16,755 - ERROR - –û—à–∏–±–∫–∞ –ø–æ–ª—É—á–µ–Ω–∏—è –¥–∞–Ω–Ω—ã—Ö –ª–æ–∫–∞–ª—å–Ω–æ–π –º–∞—à–∏–Ω—ã: 'list' object has no attribute 'get'
2025-06-26 22:21:16,755 - INFO - –ü—Ä–∏–ª–æ–∂–µ–Ω–∏–µ –∏–Ω–∏—Ü–∏–∞–ª–∏–∑–∏—Ä–æ–≤–∞–Ω–æ
2025-06-26 22:21:19,411 - INFO - 127.0.0.1 - - [26/Jun/2025 22:21:19] "GET /system HTTP/1.1" 200 -
2025-06-26 22:21:35,772 - INFO - 127.0.0.1 - - [26/Jun/2025 22:21:35] "GET /system HTTP/1.1" 200 -
2025-06-26 22:22:08,508 - INFO - 127.0.0.1 - - [26/Jun/2025 22:22:08] "GET /system HTTP/1.1" 200 -
2025-06-26 22:22:08,541 - INFO - 127.0.0.1 - - [26/Jun/2025 22:22:08] "GET /system HTTP/1.1" 200 -
2025-06-26 22:22:17,821 - ERROR - –û—à–∏–±–∫–∞ –ø–æ–ª—É—á–µ–Ω–∏—è –¥–∞–Ω–Ω—ã—Ö –ª–æ–∫–∞–ª—å–Ω–æ–π –º–∞—à–∏–Ω—ã: 'list' object has no attribute 'get'
2025-06-26 22:22:17,836 - INFO - 127.0.0.1 - - [26/Jun/2025 22:22:17] "GET /admin HTTP/1.1" 200 -
2025-06-26 22:22:29,524 - ERROR - –û—à–∏–±–∫–∞ –ø–æ–ª—É—á–µ–Ω–∏—è –¥–∞–Ω–Ω—ã—Ö –ª–æ–∫–∞–ª—å–Ω–æ–π –º–∞—à–∏–Ω—ã: 'list' object has no attribute 'get'
2025-06-26 22:22:29,525 - INFO - 127.0.0.1 - - [26/Jun/2025 22:22:29] "GET /api/servers/update HTTP/1.1" 200 -
2025-06-26 22:22:36,844 - INFO - 127.0.0.1 - - [26/Jun/2025 22:22:36] "GET /system HTTP/1.1" 200 -
2025-06-26 22:22:40,684 - ERROR - –û—à–∏–±–∫–∞ –ø–æ–ª—É—á–µ–Ω–∏—è –¥–∞–Ω–Ω—ã—Ö –ª–æ–∫–∞–ª—å–Ω–æ–π –º–∞—à–∏–Ω—ã: 'list' object has no attribute 'get'
2025-06-26 22:22:40,697 - INFO - 127.0.0.1 - - [26/Jun/2025 22:22:40] "GET /servers HTTP/1.1" 200 -
2025-06-26 22:22:48,094 - ERROR - –û—à–∏–±–∫–∞ –ø–æ–ª—É—á–µ–Ω–∏—è –¥–∞–Ω–Ω—ã—Ö –ª–æ–∫–∞–ª—å–Ω–æ–π –º–∞—à–∏–Ω—ã: 'list' object has no attribute 'get'
2025-06-26 22:22:48,095 - INFO - 127.0.0.1 - - [26/Jun/2025 22:22:48] "GET /api/servers/update HTTP/1.1" 200 -
2025-06-26 22:23:09,266 - INFO - 127.0.0.1 - - [26/Jun/2025 22:23:09] "GET /system HTTP/1.1" 200 -
2025-06-26 22:23:09,282 - INFO - 127.0.0.1 - - [26/Jun/2025 22:23:09] "GET /system HTTP/1.1" 200 -
2025-06-26 22:23:32,182 - INFO - System monitor –∑–∞–≥—Ä—É–∂–µ–Ω —É—Å–ø–µ—à–Ω–æ
2025-06-26 22:23:32,191 - INFO - –ó–∞–ø—É—Å–∫ —Å–∏—Å—Ç–µ–º—ã –º–æ–Ω–∏—Ç–æ—Ä–∏–Ω–≥–∞
2025-06-26 22:23:32,194 - INFO - [31m[1mWARNING: This is a development server. Do not use it in a production deployment. Use a production WSGI server instead.[0m
 * Running on http://127.0.0.1:5001
2025-06-26 22:23:32,194 - INFO - [33mPress CTRL+C to quit[0m
2025-06-26 22:23:40,178 - ERROR - –û—à–∏–±–∫–∞ –ø–æ–ª—É—á–µ–Ω–∏—è –¥–∞–Ω–Ω—ã—Ö –ª–æ–∫–∞–ª—å–Ω–æ–π –º–∞—à–∏–Ω—ã: 'list' object has no attribute 'get'
2025-06-26 22:23:40,178 - INFO - –ü—Ä–∏–ª–æ–∂–µ–Ω–∏–µ –∏–Ω–∏—Ü–∏–∞–ª–∏–∑–∏—Ä–æ–≤–∞–Ω–æ
2025-06-26 22:23:42,553 - INFO - 127.0.0.1 - - [26/Jun/2025 22:23:42] "GET /system HTTP/1.1" 200 -
2025-06-26 22:23:51,008 - INFO - 127.0.0.1 - - [26/Jun/2025 22:23:51] "GET /system HTTP/1.1" 200 -
2025-06-26 22:23:54,894 - INFO - 127.0.0.1 - - [26/Jun/2025 22:23:54] "GET /system HTTP/1.1" 200 -
2025-06-26 22:23:58,388 - INFO - 127.0.0.1 - - [26/Jun/2025 22:23:58] "GET /system HTTP/1.1" 200 -
2025-06-26 22:24:31,111 - INFO - 127.0.0.1 - - [26/Jun/2025 22:24:31] "GET /system HTTP/1.1" 200 -
2025-06-26 22:24:36,597 - ERROR - –û—à–∏–±–∫–∞ –ø–æ–ª—É—á–µ–Ω–∏—è –¥–∞–Ω–Ω—ã—Ö –ª–æ–∫–∞–ª—å–Ω–æ–π –º–∞—à–∏–Ω—ã: 'list' object has no attribute 'get'
2025-06-26 22:24:36,624 - INFO - 127.0.0.1 - - [26/Jun/2025 22:24:36] "GET /servers HTTP/1.1" 200 -
2025-06-26 22:24:44,293 - ERROR - –û—à–∏–±–∫–∞ –ø–æ–ª—É—á–µ–Ω–∏—è –¥–∞–Ω–Ω—ã—Ö –ª–æ–∫–∞–ª—å–Ω–æ–π –º–∞—à–∏–Ω—ã: 'list' object has no attribute 'get'
2025-06-26 22:24:44,293 - INFO - 127.0.0.1 - - [26/Jun/2025 22:24:44] "GET /api/servers/update HTTP/1.1" 200 -
2025-06-26 22:24:44,348 - ERROR - –û—à–∏–±–∫–∞ –ø–æ–ª—É—á–µ–Ω–∏—è –¥–∞–Ω–Ω—ã—Ö –ª–æ–∫–∞–ª—å–Ω–æ–π –º–∞—à–∏–Ω—ã: 'list' object has no attribute 'get'
2025-06-26 22:24:44,393 - INFO - 127.0.0.1 - - [26/Jun/2025 22:24:44] "GET /admin HTTP/1.1" 200 -
2025-06-26 22:25:46,899 - ERROR - –û—à–∏–±–∫–∞ –ø–æ–ª—É—á–µ–Ω–∏—è –¥–∞–Ω–Ω—ã—Ö –ª–æ–∫–∞–ª—å–Ω–æ–π –º–∞—à–∏–Ω—ã: 'list' object has no attribute 'get'
2025-06-26 22:25:46,900 - INFO - 127.0.0.1 - - [26/Jun/2025 22:25:46] "GET /admin HTTP/1.1" 200 -
2025-06-26 22:26:37,636 - ERROR - –û—à–∏–±–∫–∞ –ø–æ–ª—É—á–µ–Ω–∏—è –¥–∞–Ω–Ω—ã—Ö –ª–æ–∫–∞–ª—å–Ω–æ–π –º–∞—à–∏–Ω—ã: 'list' object has no attribute 'get'
2025-06-26 22:26:37,638 - INFO - 127.0.0.1 - - [26/Jun/2025 22:26:37] "GET /admin HTTP/1.1" 200 -
2025-06-26 22:26:47,632 - INFO - System monitor –∑–∞–≥—Ä—É–∂–µ–Ω —É—Å–ø–µ—à–Ω–æ
2025-06-26 22:26:47,643 - INFO - –ó–∞–ø—É—Å–∫ —Å–∏—Å—Ç–µ–º—ã –º–æ–Ω–∏—Ç–æ—Ä–∏–Ω–≥–∞
2025-06-26 22:26:47,645 - INFO - [31m[1mWARNING: This is a development server. Do not use it in a production deployment. Use a production WSGI server instead.[0m
 * Running on http://127.0.0.1:5001
2025-06-26 22:26:47,645 - INFO - [33mPress CTRL+C to quit[0m
2025-06-26 22:26:52,811 - ERROR - –û—à–∏–±–∫–∞ –ø–æ–ª—É—á–µ–Ω–∏—è –¥–∞–Ω–Ω—ã—Ö –ª–æ–∫–∞–ª—å–Ω–æ–π –º–∞—à–∏–Ω—ã: 'list' object has no attribute 'get'
2025-06-26 22:26:52,811 - INFO - –ü—Ä–∏–ª–æ–∂–µ–Ω–∏–µ –∏–Ω–∏—Ü–∏–∞–ª–∏–∑–∏—Ä–æ–≤–∞–Ω–æ
2025-06-26 22:26:55,338 - ERROR - –û—à–∏–±–∫–∞ –ø–æ–ª—É—á–µ–Ω–∏—è –¥–∞–Ω–Ω—ã—Ö –ª–æ–∫–∞–ª—å–Ω–æ–π –º–∞—à–∏–Ω—ã: 'list' object has no attribute 'get'
2025-06-26 22:26:55,380 - INFO - 127.0.0.1 - - [26/Jun/2025 22:26:55] "GET /admin HTTP/1.1" 200 -
2025-06-26 22:26:59,609 - INFO - –£–¥–∞–ª–µ–Ω —Å–µ—Ä–≤–µ—Ä: Web-—Å–µ—Ä–≤–µ—Ä 1 (192.168.1.10)
2025-06-26 22:26:59,611 - INFO - 127.0.0.1 - - [26/Jun/2025 22:26:59] "[32mPOST /admin/servers/1/delete HTTP/1.1[0m" 302 -
2025-06-26 22:26:59,620 - ERROR - Exception on /admin/servers [GET]
Traceback (most recent call last):
  File "/home/r00t4x/–†–∞–±–æ—á–∏–π —Å—Ç–æ–ª/—Å–∫—Ä–∏–ø—Ç—ã/monitoring/monitoring_venv/lib/python3.12/site-packages/flask/app.py", line 2190, in wsgi_app
    response = self.full_dispatch_request()
               ^^^^^^^^^^^^^^^^^^^^^^^^^^^^
  File "/home/r00t4x/–†–∞–±–æ—á–∏–π —Å—Ç–æ–ª/—Å–∫—Ä–∏–ø—Ç—ã/monitoring/monitoring_venv/lib/python3.12/site-packages/flask/app.py", line 1486, in full_dispatch_request
    rv = self.handle_user_exception(e)
         ^^^^^^^^^^^^^^^^^^^^^^^^^^^^^
  File "/home/r00t4x/–†–∞–±–æ—á–∏–π —Å—Ç–æ–ª/—Å–∫—Ä–∏–ø—Ç—ã/monitoring/monitoring_venv/lib/python3.12/site-packages/flask/app.py", line 1484, in full_dispatch_request
    rv = self.dispatch_request()
         ^^^^^^^^^^^^^^^^^^^^^^^
  File "/home/r00t4x/–†–∞–±–æ—á–∏–π —Å—Ç–æ–ª/—Å–∫—Ä–∏–ø—Ç—ã/monitoring/monitoring_venv/lib/python3.12/site-packages/flask/app.py", line 1469, in dispatch_request
    return self.ensure_sync(self.view_functions[rule.endpoint])(**view_args)
           ^^^^^^^^^^^^^^^^^^^^^^^^^^^^^^^^^^^^^^^^^^^^^^^^^^^^^^^^^^^^^^^^^
  File "/home/r00t4x/–†–∞–±–æ—á–∏–π —Å—Ç–æ–ª/—Å–∫—Ä–∏–ø—Ç—ã/monitoring/simple_app.py", line 225, in admin_servers
    servers_data = get_servers_data()
                   ^^^^^^^^^^^^^^^^
NameError: name 'get_servers_data' is not defined. Did you mean: 'api_servers_update'?
2025-06-26 22:26:59,640 - INFO - 127.0.0.1 - - [26/Jun/2025 22:26:59] "[35m[1mGET /admin/servers HTTP/1.1[0m" 500 -
2025-06-26 22:26:59,669 - ERROR - Error on request:
Traceback (most recent call last):
  File "/home/r00t4x/–†–∞–±–æ—á–∏–π —Å—Ç–æ–ª/—Å–∫—Ä–∏–ø—Ç—ã/monitoring/monitoring_venv/lib/python3.12/site-packages/flask/app.py", line 2190, in wsgi_app
    response = self.full_dispatch_request()
               ^^^^^^^^^^^^^^^^^^^^^^^^^^^^
  File "/home/r00t4x/–†–∞–±–æ—á–∏–π —Å—Ç–æ–ª/—Å–∫—Ä–∏–ø—Ç—ã/monitoring/monitoring_venv/lib/python3.12/site-packages/flask/app.py", line 1486, in full_dispatch_request
    rv = self.handle_user_exception(e)
         ^^^^^^^^^^^^^^^^^^^^^^^^^^^^^
  File "/home/r00t4x/–†–∞–±–æ—á–∏–π —Å—Ç–æ–ª/—Å–∫—Ä–∏–ø—Ç—ã/monitoring/monitoring_venv/lib/python3.12/site-packages/flask/app.py", line 1484, in full_dispatch_request
    rv = self.dispatch_request()
         ^^^^^^^^^^^^^^^^^^^^^^^
  File "/home/r00t4x/–†–∞–±–æ—á–∏–π —Å—Ç–æ–ª/—Å–∫—Ä–∏–ø—Ç—ã/monitoring/monitoring_venv/lib/python3.12/site-packages/flask/app.py", line 1469, in dispatch_request
    return self.ensure_sync(self.view_functions[rule.endpoint])(**view_args)
           ^^^^^^^^^^^^^^^^^^^^^^^^^^^^^^^^^^^^^^^^^^^^^^^^^^^^^^^^^^^^^^^^^
  File "/home/r00t4x/–†–∞–±–æ—á–∏–π —Å—Ç–æ–ª/—Å–∫—Ä–∏–ø—Ç—ã/monitoring/simple_app.py", line 225, in admin_servers
    servers_data = get_servers_data()
                   ^^^^^^^^^^^^^^^^^^
NameError: name 'get_servers_data' is not defined. Did you mean: 'api_servers_update'?

During handling of the above exception, another exception occurred:

Traceback (most recent call last):
  File "/home/r00t4x/–†–∞–±–æ—á–∏–π —Å—Ç–æ–ª/—Å–∫—Ä–∏–ø—Ç—ã/monitoring/monitoring_venv/lib/python3.12/site-packages/werkzeug/serving.py", line 364, in run_wsgi
    execute(self.server.app)
  File "/home/r00t4x/–†–∞–±–æ—á–∏–π —Å—Ç–æ–ª/—Å–∫—Ä–∏–ø—Ç—ã/monitoring/monitoring_venv/lib/python3.12/site-packages/werkzeug/serving.py", line 325, in execute
    application_iter = app(environ, start_response)
                       ^^^^^^^^^^^^^^^^^^^^^^^^^^^^
  File "/home/r00t4x/–†–∞–±–æ—á–∏–π —Å—Ç–æ–ª/—Å–∫—Ä–∏–ø—Ç—ã/monitoring/monitoring_venv/lib/python3.12/site-packages/flask/app.py", line 2213, in __call__
    return self.wsgi_app(environ, start_response)
           ^^^^^^^^^^^^^^^^^^^^^^^^^^^^^^^^^^^^^^
  File "/home/r00t4x/–†–∞–±–æ—á–∏–π —Å—Ç–æ–ª/—Å–∫—Ä–∏–ø—Ç—ã/monitoring/monitoring_venv/lib/python3.12/site-packages/flask/app.py", line 2193, in wsgi_app
    response = self.handle_exception(e)
               ^^^^^^^^^^^^^^^^^^^^^^^^
  File "/home/r00t4x/–†–∞–±–æ—á–∏–π —Å—Ç–æ–ª/—Å–∫—Ä–∏–ø—Ç—ã/monitoring/monitoring_venv/lib/python3.12/site-packages/flask/app.py", line 1399, in handle_exception
    server_error = self.ensure_sync(handler)(server_error)
                   ^^^^^^^^^^^^^^^^^^^^^^^^^^^^^^^^^^^^^^^
  File "/home/r00t4x/–†–∞–±–æ—á–∏–π —Å—Ç–æ–ª/—Å–∫—Ä–∏–ø—Ç—ã/monitoring/simple_app.py", line 440, in internal_error
    return render_template('500.html'), 500
           ^^^^^^^^^^^^^^^^^^^^^^^^^^^^^^^^
  File "/home/r00t4x/–†–∞–±–æ—á–∏–π —Å—Ç–æ–ª/—Å–∫—Ä–∏–ø—Ç—ã/monitoring/monitoring_venv/lib/python3.12/site-packages/flask/templating.py", line 150, in render_template
    template = app.jinja_env.get_or_select_template(template_name_or_list)
               ^^^^^^^^^^^^^^^^^^^^^^^^^^^^^^^^^^^^^^^^^^^^^^^^^^^^^^^^^^^
  File "/home/r00t4x/–†–∞–±–æ—á–∏–π —Å—Ç–æ–ª/—Å–∫—Ä–∏–ø—Ç—ã/monitoring/monitoring_venv/lib/python3.12/site-packages/jinja2/environment.py", line 1087, in get_or_select_template
    return self.get_template(template_name_or_list, parent, globals)
           ^^^^^^^^^^^^^^^^^^^^^^^^^^^^^^^^^^^^^^^^^^^^^^^^^^^^^^^^^
  File "/home/r00t4x/–†–∞–±–æ—á–∏–π —Å—Ç–æ–ª/—Å–∫—Ä–∏–ø—Ç—ã/monitoring/monitoring_venv/lib/python3.12/site-packages/jinja2/environment.py", line 1016, in get_template
    return self._load_template(name, globals)
           ^^^^^^^^^^^^^^^^^^^^^^^^^^^^^^^^^^
  File "/home/r00t4x/–†–∞–±–æ—á–∏–π —Å—Ç–æ–ª/—Å–∫—Ä–∏–ø—Ç—ã/monitoring/monitoring_venv/lib/python3.12/site-packages/jinja2/environment.py", line 975, in _load_template
    template = self.loader.load(self, name, self.make_globals(globals))
               ^^^^^^^^^^^^^^^^^^^^^^^^^^^^^^^^^^^^^^^^^^^^^^^^^^^^^^^^
  File "/home/r00t4x/–†–∞–±–æ—á–∏–π —Å—Ç–æ–ª/—Å–∫—Ä–∏–ø—Ç—ã/monitoring/monitoring_venv/lib/python3.12/site-packages/jinja2/loaders.py", line 126, in load
    source, filename, uptodate = self.get_source(environment, name)
                                 ^^^^^^^^^^^^^^^^^^^^^^^^^^^^^^^^^^
  File "/home/r00t4x/–†–∞–±–æ—á–∏–π —Å—Ç–æ–ª/—Å–∫—Ä–∏–ø—Ç—ã/monitoring/monitoring_venv/lib/python3.12/site-packages/flask/templating.py", line 64, in get_source
    return self._get_source_fast(environment, template)
           ^^^^^^^^^^^^^^^^^^^^^^^^^^^^^^^^^^^^^^^^^^^^
  File "/home/r00t4x/–†–∞–±–æ—á–∏–π —Å—Ç–æ–ª/—Å–∫—Ä–∏–ø—Ç—ã/monitoring/monitoring_venv/lib/python3.12/site-packages/flask/templating.py", line 98, in _get_source_fast
    raise TemplateNotFound(template)
jinja2.exceptions.TemplateNotFound: 500.html
2025-06-26 22:27:06,998 - ERROR - –û—à–∏–±–∫–∞ –ø–æ–ª—É—á–µ–Ω–∏—è –¥–∞–Ω–Ω—ã—Ö –ª–æ–∫–∞–ª—å–Ω–æ–π –º–∞—à–∏–Ω—ã: 'list' object has no attribute 'get'
2025-06-26 22:27:07,000 - INFO - 127.0.0.1 - - [26/Jun/2025 22:27:07] "GET /admin HTTP/1.1" 200 -
2025-06-26 22:28:09,509 - ERROR - –û—à–∏–±–∫–∞ –ø–æ–ª—É—á–µ–Ω–∏—è –¥–∞–Ω–Ω—ã—Ö –ª–æ–∫–∞–ª—å–Ω–æ–π –º–∞—à–∏–Ω—ã: 'list' object has no attribute 'get'
2025-06-26 22:28:09,510 - INFO - 127.0.0.1 - - [26/Jun/2025 22:28:09] "GET /admin HTTP/1.1" 200 -
2025-06-26 22:29:11,922 - ERROR - –û—à–∏–±–∫–∞ –ø–æ–ª—É—á–µ–Ω–∏—è –¥–∞–Ω–Ω—ã—Ö –ª–æ–∫–∞–ª—å–Ω–æ–π –º–∞—à–∏–Ω—ã: 'list' object has no attribute 'get'
2025-06-26 22:29:11,923 - INFO - 127.0.0.1 - - [26/Jun/2025 22:29:11] "GET /admin HTTP/1.1" 200 -
2025-06-26 22:29:46,608 - INFO - –ó–∞–ø—É—Å–∫ —Å–∏—Å—Ç–µ–º—ã –º–æ–Ω–∏—Ç–æ—Ä–∏–Ω–≥–∞
2025-06-26 22:29:46,610 - INFO - [31m[1mWARNING: This is a development server. Do not use it in a production deployment. Use a production WSGI server instead.[0m
 * Running on http://127.0.0.1:5001
2025-06-26 22:29:46,611 - INFO - [33mPress CTRL+C to quit[0m
2025-06-26 22:29:51,984 - INFO - System monitor –∑–∞–≥—Ä—É–∂–µ–Ω —É—Å–ø–µ—à–Ω–æ
2025-06-26 22:29:52,045 - INFO - –ë–∞–∑–∞ –¥–∞–Ω–Ω—ã—Ö –¥–æ—Å—Ç—É–ø–Ω–∞
2025-06-26 22:29:52,082 - INFO - –ó–∞–ø—É—Å–∫ —Å–∏—Å—Ç–µ–º—ã –º–æ–Ω–∏—Ç–æ—Ä–∏–Ω–≥–∞
2025-06-26 22:29:52,089 - INFO - [31m[1mWARNING: This is a development server. Do not use it in a production deployment. Use a production WSGI server instead.[0m
 * Running on http://127.0.0.1:5001
2025-06-26 22:29:52,090 - INFO - [33mPress CTRL+C to quit[0m
2025-06-26 22:29:57,788 - ERROR - –û—à–∏–±–∫–∞ –ø–æ–ª—É—á–µ–Ω–∏—è –¥–∞–Ω–Ω—ã—Ö –ª–æ–∫–∞–ª—å–Ω–æ–π –º–∞—à–∏–Ω—ã: 'list' object has no attribute 'get'
2025-06-26 22:29:57,788 - INFO - –ü—Ä–∏–ª–æ–∂–µ–Ω–∏–µ –∏–Ω–∏—Ü–∏–∞–ª–∏–∑–∏—Ä–æ–≤–∞–Ω–æ
2025-06-26 22:30:00,400 - ERROR - –û—à–∏–±–∫–∞ –ø–æ–ª—É—á–µ–Ω–∏—è –¥–∞–Ω–Ω—ã—Ö –ª–æ–∫–∞–ª—å–Ω–æ–π –º–∞—à–∏–Ω—ã: 'list' object has no attribute 'get'
2025-06-26 22:30:00,453 - INFO - 127.0.0.1 - - [26/Jun/2025 22:30:00] "GET /admin HTTP/1.1" 200 -
2025-06-26 22:30:03,722 - INFO - 127.0.0.1 - - [26/Jun/2025 22:30:03] "GET /admin/servers/add HTTP/1.1" 200 -
2025-06-26 22:31:03,521 - ERROR - –û—à–∏–±–∫–∞ –ø–æ–ª—É—á–µ–Ω–∏—è –¥–∞–Ω–Ω—ã—Ö –ª–æ–∫–∞–ª—å–Ω–æ–π –º–∞—à–∏–Ω—ã: 'list' object has no attribute 'get'
2025-06-26 22:31:03,523 - INFO - 127.0.0.1 - - [26/Jun/2025 22:31:03] "GET /admin HTTP/1.1" 200 -
2025-06-26 22:31:21,502 - ERROR - Exception on /admin/servers [GET]
Traceback (most recent call last):
  File "/home/r00t4x/–†–∞–±–æ—á–∏–π —Å—Ç–æ–ª/—Å–∫—Ä–∏–ø—Ç—ã/monitoring/monitoring_venv/lib/python3.12/site-packages/flask/app.py", line 2190, in wsgi_app
    response = self.full_dispatch_request()
               ^^^^^^^^^^^^^^^^^^^^^^^^^^^^
  File "/home/r00t4x/–†–∞–±–æ—á–∏–π —Å—Ç–æ–ª/—Å–∫—Ä–∏–ø—Ç—ã/monitoring/monitoring_venv/lib/python3.12/site-packages/flask/app.py", line 1486, in full_dispatch_request
    rv = self.handle_user_exception(e)
         ^^^^^^^^^^^^^^^^^^^^^^^^^^^^^
  File "/home/r00t4x/–†–∞–±–æ—á–∏–π —Å—Ç–æ–ª/—Å–∫—Ä–∏–ø—Ç—ã/monitoring/monitoring_venv/lib/python3.12/site-packages/flask/app.py", line 1484, in full_dispatch_request
    rv = self.dispatch_request()
         ^^^^^^^^^^^^^^^^^^^^^^^
  File "/home/r00t4x/–†–∞–±–æ—á–∏–π —Å—Ç–æ–ª/—Å–∫—Ä–∏–ø—Ç—ã/monitoring/monitoring_venv/lib/python3.12/site-packages/flask/app.py", line 1469, in dispatch_request
    return self.ensure_sync(self.view_functions[rule.endpoint])(**view_args)
           ^^^^^^^^^^^^^^^^^^^^^^^^^^^^^^^^^^^^^^^^^^^^^^^^^^^^^^^^^^^^^^^^^
  File "/home/r00t4x/–†–∞–±–æ—á–∏–π —Å—Ç–æ–ª/—Å–∫—Ä–∏–ø—Ç—ã/monitoring/simple_app.py", line 234, in admin_servers
    servers_data = get_servers_data()
                   ^^^^^^^^^^^^^^^^
NameError: name 'get_servers_data' is not defined. Did you mean: 'api_servers_update'?
2025-06-26 22:31:21,575 - INFO - 127.0.0.1 - - [26/Jun/2025 22:31:21] "[35m[1mGET /admin/servers HTTP/1.1[0m" 500 -
2025-06-26 22:31:21,675 - ERROR - Error on request:
Traceback (most recent call last):
  File "/home/r00t4x/–†–∞–±–æ—á–∏–π —Å—Ç–æ–ª/—Å–∫—Ä–∏–ø—Ç—ã/monitoring/monitoring_venv/lib/python3.12/site-packages/flask/app.py", line 2190, in wsgi_app
    response = self.full_dispatch_request()
               ^^^^^^^^^^^^^^^^^^^^^^^^^^^^
  File "/home/r00t4x/–†–∞–±–æ—á–∏–π —Å—Ç–æ–ª/—Å–∫—Ä–∏–ø—Ç—ã/monitoring/monitoring_venv/lib/python3.12/site-packages/flask/app.py", line 1486, in full_dispatch_request
    rv = self.handle_user_exception(e)
         ^^^^^^^^^^^^^^^^^^^^^^^^^^^^^
  File "/home/r00t4x/–†–∞–±–æ—á–∏–π —Å—Ç–æ–ª/—Å–∫—Ä–∏–ø—Ç—ã/monitoring/monitoring_venv/lib/python3.12/site-packages/flask/app.py", line 1484, in full_dispatch_request
    rv = self.dispatch_request()
         ^^^^^^^^^^^^^^^^^^^^^^^
  File "/home/r00t4x/–†–∞–±–æ—á–∏–π —Å—Ç–æ–ª/—Å–∫—Ä–∏–ø—Ç—ã/monitoring/monitoring_venv/lib/python3.12/site-packages/flask/app.py", line 1469, in dispatch_request
    return self.ensure_sync(self.view_functions[rule.endpoint])(**view_args)
           ^^^^^^^^^^^^^^^^^^^^^^^^^^^^^^^^^^^^^^^^^^^^^^^^^^^^^^^^^^^^^^^^^
  File "/home/r00t4x/–†–∞–±–æ—á–∏–π —Å—Ç–æ–ª/—Å–∫—Ä–∏–ø—Ç—ã/monitoring/simple_app.py", line 234, in admin_servers
    servers_data = get_servers_data()
                   ^^^^^^^^^^^^^^^^^^
NameError: name 'get_servers_data' is not defined. Did you mean: 'api_servers_update'?

During handling of the above exception, another exception occurred:

Traceback (most recent call last):
  File "/home/r00t4x/–†–∞–±–æ—á–∏–π —Å—Ç–æ–ª/—Å–∫—Ä–∏–ø—Ç—ã/monitoring/monitoring_venv/lib/python3.12/site-packages/werkzeug/serving.py", line 364, in run_wsgi
    execute(self.server.app)
  File "/home/r00t4x/–†–∞–±–æ—á–∏–π —Å—Ç–æ–ª/—Å–∫—Ä–∏–ø—Ç—ã/monitoring/monitoring_venv/lib/python3.12/site-packages/werkzeug/serving.py", line 325, in execute
    application_iter = app(environ, start_response)
                       ^^^^^^^^^^^^^^^^^^^^^^^^^^^^
  File "/home/r00t4x/–†–∞–±–æ—á–∏–π —Å—Ç–æ–ª/—Å–∫—Ä–∏–ø—Ç—ã/monitoring/monitoring_venv/lib/python3.12/site-packages/flask/app.py", line 2213, in __call__
    return self.wsgi_app(environ, start_response)
           ^^^^^^^^^^^^^^^^^^^^^^^^^^^^^^^^^^^^^^
  File "/home/r00t4x/–†–∞–±–æ—á–∏–π —Å—Ç–æ–ª/—Å–∫—Ä–∏–ø—Ç—ã/monitoring/monitoring_venv/lib/python3.12/site-packages/flask/app.py", line 2193, in wsgi_app
    response = self.handle_exception(e)
               ^^^^^^^^^^^^^^^^^^^^^^^^
  File "/home/r00t4x/–†–∞–±–æ—á–∏–π —Å—Ç–æ–ª/—Å–∫—Ä–∏–ø—Ç—ã/monitoring/monitoring_venv/lib/python3.12/site-packages/flask/app.py", line 1399, in handle_exception
    server_error = self.ensure_sync(handler)(server_error)
                   ^^^^^^^^^^^^^^^^^^^^^^^^^^^^^^^^^^^^^^^
  File "/home/r00t4x/–†–∞–±–æ—á–∏–π —Å—Ç–æ–ª/—Å–∫—Ä–∏–ø—Ç—ã/monitoring/simple_app.py", line 449, in internal_error
    return render_template('500.html'), 500
           ^^^^^^^^^^^^^^^^^^^^^^^^^^^^^^^^
  File "/home/r00t4x/–†–∞–±–æ—á–∏–π —Å—Ç–æ–ª/—Å–∫—Ä–∏–ø—Ç—ã/monitoring/monitoring_venv/lib/python3.12/site-packages/flask/templating.py", line 150, in render_template
    template = app.jinja_env.get_or_select_template(template_name_or_list)
               ^^^^^^^^^^^^^^^^^^^^^^^^^^^^^^^^^^^^^^^^^^^^^^^^^^^^^^^^^^^
  File "/home/r00t4x/–†–∞–±–æ—á–∏–π —Å—Ç–æ–ª/—Å–∫—Ä–∏–ø—Ç—ã/monitoring/monitoring_venv/lib/python3.12/site-packages/jinja2/environment.py", line 1087, in get_or_select_template
    return self.get_template(template_name_or_list, parent, globals)
           ^^^^^^^^^^^^^^^^^^^^^^^^^^^^^^^^^^^^^^^^^^^^^^^^^^^^^^^^^
  File "/home/r00t4x/–†–∞–±–æ—á–∏–π —Å—Ç–æ–ª/—Å–∫—Ä–∏–ø—Ç—ã/monitoring/monitoring_venv/lib/python3.12/site-packages/jinja2/environment.py", line 1016, in get_template
    return self._load_template(name, globals)
           ^^^^^^^^^^^^^^^^^^^^^^^^^^^^^^^^^^
  File "/home/r00t4x/–†–∞–±–æ—á–∏–π —Å—Ç–æ–ª/—Å–∫—Ä–∏–ø—Ç—ã/monitoring/monitoring_venv/lib/python3.12/site-packages/jinja2/environment.py", line 975, in _load_template
    template = self.loader.load(self, name, self.make_globals(globals))
               ^^^^^^^^^^^^^^^^^^^^^^^^^^^^^^^^^^^^^^^^^^^^^^^^^^^^^^^^
  File "/home/r00t4x/–†–∞–±–æ—á–∏–π —Å—Ç–æ–ª/—Å–∫—Ä–∏–ø—Ç—ã/monitoring/monitoring_venv/lib/python3.12/site-packages/jinja2/loaders.py", line 126, in load
    source, filename, uptodate = self.get_source(environment, name)
                                 ^^^^^^^^^^^^^^^^^^^^^^^^^^^^^^^^^^
  File "/home/r00t4x/–†–∞–±–æ—á–∏–π —Å—Ç–æ–ª/—Å–∫—Ä–∏–ø—Ç—ã/monitoring/monitoring_venv/lib/python3.12/site-packages/flask/templating.py", line 64, in get_source
    return self._get_source_fast(environment, template)
           ^^^^^^^^^^^^^^^^^^^^^^^^^^^^^^^^^^^^^^^^^^^^
  File "/home/r00t4x/–†–∞–±–æ—á–∏–π —Å—Ç–æ–ª/—Å–∫—Ä–∏–ø—Ç—ã/monitoring/monitoring_venv/lib/python3.12/site-packages/flask/templating.py", line 98, in _get_source_fast
    raise TemplateNotFound(template)
jinja2.exceptions.TemplateNotFound: 500.html
2025-06-26 22:31:26,922 - INFO - 127.0.0.1 - - [26/Jun/2025 22:31:26] "GET /system HTTP/1.1" 200 -
2025-06-26 22:31:28,217 - ERROR - –û—à–∏–±–∫–∞ –ø–æ–ª—É—á–µ–Ω–∏—è –¥–∞–Ω–Ω—ã—Ö –ª–æ–∫–∞–ª—å–Ω–æ–π –º–∞—à–∏–Ω—ã: 'list' object has no attribute 'get'
2025-06-26 22:31:28,232 - INFO - 127.0.0.1 - - [26/Jun/2025 22:31:28] "GET / HTTP/1.1" 200 -
2025-06-26 22:31:32,828 - ERROR - –û—à–∏–±–∫–∞ –ø–æ–ª—É—á–µ–Ω–∏—è –¥–∞–Ω–Ω—ã—Ö –ª–æ–∫–∞–ª—å–Ω–æ–π –º–∞—à–∏–Ω—ã: 'list' object has no attribute 'get'
2025-06-26 22:31:32,830 - INFO - 127.0.0.1 - - [26/Jun/2025 22:31:32] "GET /admin HTTP/1.1" 200 -
2025-06-26 22:34:28,917 - INFO - –ó–∞–ø—É—Å–∫ —Å–∏—Å—Ç–µ–º—ã –º–æ–Ω–∏—Ç–æ—Ä–∏–Ω–≥–∞
2025-06-26 22:34:28,920 - INFO - [31m[1mWARNING: This is a development server. Do not use it in a production deployment. Use a production WSGI server instead.[0m
 * Running on http://127.0.0.1:5001
2025-06-26 22:34:28,921 - INFO - [33mPress CTRL+C to quit[0m
